############### STARTING THE TEST CASE  SmokeSetUp ###############
############### TEST CASE  SmokeSetUp is PASSED ###############
---------------------------------------------------------------------
############### STARTING THE TEST CASE  Test01_NewDataFileCreation ###############
############### TEST CASE  Test01_NewDataFileCreation is FAILED ###############
---------------------------------------------------------------------
############### STARTING THE TEST CASE  Test01_NewDataFileCreation ###############
############### TEST CASE  Test01_NewDataFileCreation is PASSED ###############
---------------------------------------------------------------------
############### STARTING THE TEST CASE  Test02_VerifyStartUpUIPreferencesForNewUser ###############
############### TEST CASE  Test02_VerifyStartUpUIPreferencesForNewUser is PASSED ###############
---------------------------------------------------------------------
############### STARTING THE TEST CASE  Test03_QuickenFileAttributes ###############
############### TEST CASE  Test03_QuickenFileAttributes is FAILED ###############
---------------------------------------------------------------------
############### STARTING THE TEST CASE  Test04_AddCheckingAccount ###############
############### TEST CASE  Test04_AddCheckingAccount is PASSED ###############
---------------------------------------------------------------------
############### STARTING THE TEST CASE  Test05_CreateBill ###############
############### TEST CASE  Test05_CreateBill is PASSED ###############
---------------------------------------------------------------------
############### STARTING THE TEST CASE  Test06_TrackSpendingGoal ###############
############### TEST CASE  Test06_TrackSpendingGoal is PASSED ###############
---------------------------------------------------------------------
############### STARTING THE TEST CASE  Test07_AddOtherCheckingAccount ###############
############### TEST CASE  Test07_AddOtherCheckingAccount is PASSED ###############
---------------------------------------------------------------------
############### STARTING THE TEST CASE  Test08_OpenFirstCheckingRegister ###############
############### TEST CASE  Test08_OpenFirstCheckingRegister is PASSED ###############
---------------------------------------------------------------------
############### STARTING THE TEST CASE  Test09_AddPaymentCheckingTransaction ###############
############### TEST CASE  Test09_AddPaymentCheckingTransaction is PASSED ###############
---------------------------------------------------------------------
############### STARTING THE TEST CASE  Test10_OpenSecondCheckingRegister ###############
############### TEST CASE  Test10_OpenSecondCheckingRegister is PASSED ###############
---------------------------------------------------------------------
############### STARTING THE TEST CASE  Test11_AddDepositCheckingTransaction ###############
############### TEST CASE  Test11_AddDepositCheckingTransaction is FAILED ###############
---------------------------------------------------------------------
############### STARTING THE TEST CASE  Test12_AddBrokerageAccount ###############
############### TEST CASE  Test12_AddBrokerageAccount is PASSED ###############
---------------------------------------------------------------------
############### STARTING THE TEST CASE  Test13_VerifyDownloadTransactionTab ###############
############### TEST CASE  Test13_VerifyDownloadTransactionTab is PASSED ###############
---------------------------------------------------------------------
############### STARTING THE TEST CASE  Test14_InvestmentBuyTransaction ###############
############### STARTING THE TEST CASE  Test14_InvestmentBuyTransaction ###############
############### STARTING THE TEST CASE  Test14_InvestmentBuyTransaction ###############
############### TEST CASE  Test14_InvestmentBuyTransaction is PASSED ###############
---------------------------------------------------------------------
############### STARTING THE TEST CASE  Test15_InvestmentSellTransaction ###############
############### STARTING THE TEST CASE  Test12_AddBrokerageAccount ###############
############### TEST CASE  Test12_AddBrokerageAccount is PASSED ###############
---------------------------------------------------------------------
############### STARTING THE TEST CASE  Test14_InvestmentBuyTransaction ###############
############### STARTING THE TEST CASE  Test14_InvestmentBuyTransaction ###############
############### STARTING THE TEST CASE  Test14_InvestmentBuyTransaction ###############
############### STARTING THE TEST CASE  Test15_InvestmentSellTransaction ###############
############### STARTING THE TEST CASE  Test16_VerifyQuickenFileAttributes ###############
############### TEST CASE  Test16_VerifyQuickenFileAttributes is FAILED ###############
---------------------------------------------------------------------
############### STARTING THE TEST CASE  Test16_VerifyQuickenFileAttributes ###############
############### TEST CASE  Test16_VerifyQuickenFileAttributes is FAILED ###############
---------------------------------------------------------------------
############### STARTING THE TEST CASE  Test17_UINavigationOff ###############
############### TEST CASE  Test17_UINavigationOff is PASSED ###############
---------------------------------------------------------------------
############### STARTING THE TEST CASE  Test18_UINavigationOn ###############
############### TEST CASE  Test18_UINavigationOn is PASSED ###############
---------------------------------------------------------------------
############### STARTING THE TEST CASE  Test19_ShortcutKeyBillandIncomeReminder ###############
############### TEST CASE  Test19_ShortcutKeyBillandIncomeReminder is PASSED ###############
---------------------------------------------------------------------
############### STARTING THE TEST CASE  Test20_OpenAccountList ###############
############### TEST CASE  Test20_OpenAccountList is PASSED ###############
---------------------------------------------------------------------
############### STARTING THE TEST CASE  Test21_OpenCategoryList ###############
############### TEST CASE  Test21_OpenCategoryList is PASSED ###############
---------------------------------------------------------------------
############### STARTING THE TEST CASE  Test22_OpenMemorizedPayeeList ###############
############### TEST CASE  Test22_OpenMemorizedPayeeList is PASSED ###############
---------------------------------------------------------------------
############### STARTING THE TEST CASE  Test23_RunNetWorthReport ###############
############### STARTING THE TEST CASE  Test23_RunNetWorthReport ###############
############### TEST CASE  Test23_RunNetWorthReport is PASSED ###############
---------------------------------------------------------------------
############### STARTING THE TEST CASE  Test25_OpenSpendingTab ###############
############### TEST CASE  Test25_OpenSpendingTab is PASSED ###############
---------------------------------------------------------------------
############### STARTING THE TEST CASE  Test26_AddEditDeleteSavingGoal ###############
############### TEST CASE  Test26_AddEditDeleteSavingGoal is PASSED ###############
---------------------------------------------------------------------
############### STARTING THE TEST CASE  Test27_OpenInvestingCenter ###############
############### TEST CASE  Test27_OpenInvestingCenter is PASSED ###############
---------------------------------------------------------------------
############### STARTING THE TEST CASE  Test28_InvokeLifetimePlanner ###############
############### TEST CASE  Test28_InvokeLifetimePlanner is FAILED ###############
---------------------------------------------------------------------
############### STARTING THE TEST CASE  Test29_InvokeTaxCenter ###############
############### TEST CASE  Test29_InvokeTaxCenter is FAILED ###############
---------------------------------------------------------------------
############### STARTING THE TEST CASE  Test30_OpenTaxPlanner ###############
############### TEST CASE  Test30_OpenTaxPlanner is PASSED ###############
---------------------------------------------------------------------
############### STARTING THE TEST CASE  Test31_OpenBusinessCenter ###############
############### TEST CASE  Test31_OpenBusinessCenter is PASSED ###############
---------------------------------------------------------------------
############### STARTING THE TEST CASE  Test32_AddEditDeleteCategory ###############
############### TEST CASE  Test32_AddEditDeleteCategory is PASSED ###############
---------------------------------------------------------------------
############### STARTING THE TEST CASE  Test33_ModifyTransaction ###############
############### TEST CASE  Test33_ModifyTransaction is FAILED ###############
---------------------------------------------------------------------
############### STARTING THE TEST CASE  Test34_AddSavingAccount ###############
############### TEST CASE  Test34_AddSavingAccount is PASSED ###############
---------------------------------------------------------------------
############### STARTING THE TEST CASE  Test35_AddAssetAccount ###############
############### TEST CASE  Test35_AddAssetAccount is PASSED ###############
---------------------------------------------------------------------
############### STARTING THE TEST CASE  Test36_AddOtherLiabilityAccount ###############
############### TEST CASE  Test36_AddOtherLiabilityAccount is PASSED ###############
---------------------------------------------------------------------
############### STARTING THE TEST CASE  Test37_AddBusinessAccount ###############
############### TEST CASE  Test37_AddBusinessAccount is PASSED ###############
---------------------------------------------------------------------
############### STARTING THE TEST CASE  Test38_VerifyAddCustomerInvoiceUsingAccountActions ###############
############### STARTING THE TEST CASE  Test39_VerifyUserIsAbleToAddABusiness ###############
############### TEST CASE  Test39_VerifyUserIsAbleToAddABusiness is PASSED ###############
---------------------------------------------------------------------
############### STARTING THE TEST CASE  Test40_CreateReminder ###############
############### TEST CASE  Test40_CreateReminder is PASSED ###############
---------------------------------------------------------------------
############### STARTING THE TEST CASE  Test41_CreatePayCheckReminder ###############
############### TEST CASE  Test41_CreatePayCheckReminder is PASSED ###############
---------------------------------------------------------------------
############### STARTING THE TEST CASE  Test41_CreatePayCheckReminder ###############
############### STARTING THE TEST CASE  Test41_CreatePayCheckReminder ###############
############### TEST CASE  Test41_CreatePayCheckReminder is PASSED ###############
---------------------------------------------------------------------
############### STARTING THE TEST CASE  Test42_C2RFunctionalityBanking ###############
############### STARTING THE TEST CASE  Test42_C2RFunctionalityBanking ###############
############### STARTING THE TEST CASE  Test42_C2RFunctionalityBanking ###############
############### STARTING THE TEST CASE  Test43_VerifyAutoCategorizationFunctionality ###############
############### STARTING THE TEST CASE  Test43_VerifyAutoCategorizationFunctionality ###############
############### STARTING THE TEST CASE  Test01_FileMenuNavigation ###############
############### TEST CASE  Test01_FileMenuNavigation is PASSED ###############
---------------------------------------------------------------------
############### STARTING THE TEST CASE  Test01_FileMenuNavigation ###############
############### STARTING THE TEST CASE  Test01_FileMenuNavigation ###############
############### STARTING THE TEST CASE  Test01_FileMenuNavigation ###############
############### TEST CASE  Test01_FileMenuNavigation is PASSED ###############
---------------------------------------------------------------------
############### STARTING THE TEST CASE  Test01_FileMenuNavigation ###############
############### TEST CASE  Test01_FileMenuNavigation is PASSED ###############
---------------------------------------------------------------------
############### STARTING THE TEST CASE  Test05_HomeMenuNavigation ###############
############### STARTING THE TEST CASE  Test05_HomeMenuNavigation ###############
############### TEST CASE  Test05_HomeMenuNavigation is PASSED ###############
---------------------------------------------------------------------
############### STARTING THE TEST CASE  Test01_OpenAccountList ###############
############### TEST CASE  Test01_OpenAccountList is PASSED ###############
---------------------------------------------------------------------
############### STARTING THE TEST CASE  Test02_AccountListUI ###############
