############### STARTING THE TEST CASE  Test09_PropertyDebtMenuNavigation ###############
############### TEST CASE  Test09_PropertyDebtMenuNavigation is PASSED ###############
---------------------------------------------------------------------
############### STARTING THE TEST CASE  Test11_BusinessMenuNavigation ###############
############### STARTING THE TEST CASE  Test20_VerifyValidationMessageOfDataFileHavingMaxFileName ###############
############### STARTING THE TEST CASE  Test20_VerifyValidationMessageOfDataFileHavingMaxFileName ###############
############### TEST CASE  Test20_VerifyValidationMessageOfDataFileHavingMaxFileName is PASSED ###############
---------------------------------------------------------------------
############### STARTING THE TEST CASE  Test97_Verify_Enter_Dividend_ReInvest ###############
############### TEST CASE  Test97_Verify_Enter_Dividend_ReInvest is PASSED ###############
---------------------------------------------------------------------
############### STARTING THE TEST CASE  Test98_Verify_Edit_Dividend_ReInvest_Shares ###############
############### TEST CASE  Test98_Verify_Edit_Dividend_ReInvest_Shares is PASSED ###############
---------------------------------------------------------------------
############### STARTING THE TEST CASE  Test99_Verify_Edit_Dividend_ReInvest_Amount ###############
############### TEST CASE  Test99_Verify_Edit_Dividend_ReInvest_Amount is PASSED ###############
---------------------------------------------------------------------
############### STARTING THE TEST CASE  Test100_Verify_Enter_Interest_ReInvest ###############
############### TEST CASE  Test100_Verify_Enter_Interest_ReInvest is PASSED ###############
---------------------------------------------------------------------
############### STARTING THE TEST CASE  Test101_Verify_Edit_Interest_ReInvest_Shares ###############
############### TEST CASE  Test101_Verify_Edit_Interest_ReInvest_Shares is PASSED ###############
---------------------------------------------------------------------
############### STARTING THE TEST CASE  Test102_Verify_Edit_Interest_ReInvest_Amount ###############
############### TEST CASE  Test102_Verify_Edit_Interest_ReInvest_Amount is PASSED ###############
---------------------------------------------------------------------
############### STARTING THE TEST CASE  Test103_Verify_Enter_Short_Term_Gain_ReInvest ###############
############### TEST CASE  Test103_Verify_Enter_Short_Term_Gain_ReInvest is PASSED ###############
---------------------------------------------------------------------
############### STARTING THE TEST CASE  Test104_Verify_Edit_Short_Term_Gain_ReInvest_Shares ###############
############### TEST CASE  Test104_Verify_Edit_Short_Term_Gain_ReInvest_Shares is PASSED ###############
---------------------------------------------------------------------
############### STARTING THE TEST CASE  Test105_Verify_Edit_Short_Term_Gain_ReInvest_Amount ###############
############### TEST CASE  Test105_Verify_Edit_Short_Term_Gain_ReInvest_Amount is PASSED ###############
---------------------------------------------------------------------
############### STARTING THE TEST CASE  Test106_Verify_Enter_Middle_Term_Gain_ReInvest ###############
############### STARTING THE TEST CASE  Test106_Verify_Enter_Middle_Term_Gain_ReInvest ###############
############### TEST CASE  Test106_Verify_Enter_Middle_Term_Gain_ReInvest is PASSED ###############
---------------------------------------------------------------------
############### STARTING THE TEST CASE  Test112_113_Verify_All_Fields_ReInvest ###############
############### TEST CASE  Test112_113_Verify_All_Fields_ReInvest is PASSED ###############
---------------------------------------------------------------------
############### STARTING THE TEST CASE  Test112_113_Verify_All_Fields_ReInvest ###############
############### TEST CASE  Test112_113_Verify_All_Fields_ReInvest is PASSED ###############
---------------------------------------------------------------------
############### STARTING THE TEST CASE  Test112_113_Verify_All_Fields_ReInvest ###############
############### STARTING THE TEST CASE  Test112_113_Verify_All_Fields_ReInvest ###############
############### STARTING THE TEST CASE  Test111_Verify_Edit_Long_Term_Gain_ReInvest_Shares ###############
############### TEST CASE  Test111_Verify_Edit_Long_Term_Gain_ReInvest_Shares is PASSED ###############
---------------------------------------------------------------------
############### STARTING THE TEST CASE  Test112_113_Verify_All_Fields_ReInvest ###############
############### STARTING THE TEST CASE  Test112_113_Verify_All_Fields_ReInvest ###############
############### TEST CASE  Test112_113_Verify_All_Fields_ReInvest is PASSED ###############
---------------------------------------------------------------------
############### STARTING THE TEST CASE  Test128_Verify_Enter_Misc_Income_With_No_Security ###############
############### STARTING THE TEST CASE  Test135_Verify_Enter_MisExp_Transaction_with_No_Security_No_Category ###############
############### STARTING THE TEST CASE  Test135_Verify_Enter_MisExp_Transaction_with_No_Security_No_Category ###############
############### TEST CASE  Test135_Verify_Enter_MisExp_Transaction_with_No_Security_No_Category is PASSED ###############
---------------------------------------------------------------------
############### STARTING THE TEST CASE  Test136_Verify_Enter_MisExp_Transaction_with_Security_And_Category ###############
############### TEST CASE  Test136_Verify_Enter_MisExp_Transaction_with_Security_And_Category is PASSED ###############
---------------------------------------------------------------------
############### STARTING THE TEST CASE  Test137_Verify_Edit_MisExp_Transaction_with_A_Security ###############
############### TEST CASE  Test137_Verify_Edit_MisExp_Transaction_with_A_Security is PASSED ###############
---------------------------------------------------------------------
############### STARTING THE TEST CASE  Test137_Verify_Edit_MisExp_Transaction_with_A_Security ###############
############### TEST CASE  Test137_Verify_Edit_MisExp_Transaction_with_A_Security is PASSED ###############
---------------------------------------------------------------------
############### STARTING THE TEST CASE  Test138_Verify_Edit_MisExp_Transaction_with_No_Security_No_Category ###############
############### TEST CASE  Test138_Verify_Edit_MisExp_Transaction_with_No_Security_No_Category is PASSED ###############
---------------------------------------------------------------------
############### STARTING THE TEST CASE  Test139_Verify_Edit_MisExp_Transaction_with_Security_And_Category ###############
############### TEST CASE  Test139_Verify_Edit_MisExp_Transaction_with_Security_And_Category is PASSED ###############
---------------------------------------------------------------------
############### STARTING THE TEST CASE  Test140_Verify_Enter_MisExp_Transaction_with_A_Newly_Created_Category ###############
############### TEST CASE  Test140_Verify_Enter_MisExp_Transaction_with_A_Newly_Created_Category is FAILED ###############
---------------------------------------------------------------------
############### STARTING THE TEST CASE  Test140_Verify_Enter_MisExp_Transaction_with_A_Newly_Created_Category ###############
