############### STARTING THE TEST CASE  Test01_FileMenuNavigation ###############
############### TEST CASE  Test01_FileMenuNavigation is PASSED ###############
---------------------------------------------------------------------
############### STARTING THE TEST CASE  Test01_FileMenuNavigation ###############
############### STARTING THE TEST CASE  Test01_FileMenuNavigation ###############
############### TEST CASE  Test01_FileMenuNavigation is PASSED ###############
---------------------------------------------------------------------
############### STARTING THE TEST CASE  Test01_FileMenuNavigation ###############
############### TEST CASE  Test01_FileMenuNavigation is PASSED ###############
---------------------------------------------------------------------
############### STARTING THE TEST CASE  Test01_FileMenuNavigation ###############
############### TEST CASE  Test01_FileMenuNavigation is PASSED ###############
---------------------------------------------------------------------
############### STARTING THE TEST CASE  Test01_FileMenuNavigation ###############
############### STARTING THE TEST CASE  Test01_FileMenuNavigation ###############
############### STARTING THE TEST CASE  Test01_FileMenuNavigation ###############
############### TEST CASE  Test01_FileMenuNavigation is PASSED ###############
---------------------------------------------------------------------
############### STARTING THE TEST CASE  Test01_FileMenuNavigation ###############
############### TEST CASE  Test01_FileMenuNavigation is PASSED ###############
---------------------------------------------------------------------
############### STARTING THE TEST CASE  Test01_FileMenuNavigation ###############
############### TEST CASE  Test01_FileMenuNavigation is PASSED ###############
---------------------------------------------------------------------
############### STARTING THE TEST CASE  Test01_FileMenuNavigation ###############
############### STARTING THE TEST CASE  Test01_FileMenuNavigation ###############
############### TEST CASE  Test01_FileMenuNavigation is PASSED ###############
---------------------------------------------------------------------
############### STARTING THE TEST CASE  Test05_HomeMenuNavigation ###############
############### STARTING THE TEST CASE  Test05_HomeMenuNavigation ###############
############### TEST CASE  Test05_HomeMenuNavigation is PASSED ###############
---------------------------------------------------------------------
############### STARTING THE TEST CASE  Test05_HomeMenuNavigation ###############
############### TEST CASE  Test05_HomeMenuNavigation is FAILED ###############
---------------------------------------------------------------------
############### STARTING THE TEST CASE  Test05_HomeMenuNavigation ###############
############### STARTING THE TEST CASE  Test05_HomeMenuNavigation ###############
############### STARTING THE TEST CASE  Test05_HomeMenuNavigation ###############
############### STARTING THE TEST CASE  Test05_HomeMenuNavigation ###############
############### STARTING THE TEST CASE  Test05_HomeMenuNavigation ###############
############### STARTING THE TEST CASE  Test05_HomeMenuNavigation ###############
############### TEST CASE  Test05_HomeMenuNavigation is PASSED ###############
---------------------------------------------------------------------
############### STARTING THE TEST CASE  Test05_HomeMenuNavigation ###############
############### TEST CASE  Test05_HomeMenuNavigation is PASSED ###############
---------------------------------------------------------------------
############### STARTING THE TEST CASE  Test05_HomeMenuNavigation ###############
############### TEST CASE  Test05_HomeMenuNavigation is PASSED ###############
---------------------------------------------------------------------
############### STARTING THE TEST CASE  Test05_HomeMenuNavigation ###############
############### TEST CASE  Test05_HomeMenuNavigation is PASSED ###############
---------------------------------------------------------------------
############### STARTING THE TEST CASE  Test05_HomeMenuNavigation ###############
