############### STARTING THE TEST CASE  Test_Setup_Launch_And_Convert_Data_File ###############
############### TEST CASE  Test_Setup_Launch_And_Convert_Data_File is PASSED ###############
---------------------------------------------------------------------
############### STARTING THE TEST CASE  Test16_Verify_Right_Click_Menu_Options_On_Portfolio_View_Investing_Tab ###############
############### TEST CASE  Test16_Verify_Right_Click_Menu_Options_On_Portfolio_View_Investing_Tab is PASSED ###############
---------------------------------------------------------------------
############### STARTING THE TEST CASE  Test_Setup_Open_Investing_Data_File ###############
############### TEST CASE  Test_Setup_Open_Investing_Data_File is PASSED ###############
---------------------------------------------------------------------
############### STARTING THE TEST CASE  Test16_Verify_Right_Click_Menu_Options_On_Portfolio_View_Investing_Tab ###############
############### TEST CASE  Test16_Verify_Right_Click_Menu_Options_On_Portfolio_View_Investing_Tab is FAILED ###############
---------------------------------------------------------------------
############### STARTING THE TEST CASE  Test16_Verify_Right_Click_Menu_Options_On_Portfolio_View_Investing_Tab ###############
############### STARTING THE TEST CASE  Test28_Verify_Verify_Customize_Graph_Options_For_Performance_View ###############
############### TEST CASE  Test28_Verify_Verify_Customize_Graph_Options_For_Performance_View is FAILED ###############
---------------------------------------------------------------------
############### STARTING THE TEST CASE  Test28_Verify_Verify_Customize_Graph_Options_For_Performance_View ###############
############### STARTING THE TEST CASE  Test28_Verify_Verify_Customize_Graph_Options_For_Performance_View ###############
############### TEST CASE  Test28_Verify_Verify_Customize_Graph_Options_For_Performance_View is FAILED ###############
---------------------------------------------------------------------
############### STARTING THE TEST CASE  Test28_Verify_Verify_Customize_Graph_Options_For_Performance_View ###############
